Determining if the pthread_create exist failed with the following output:
Change Dir: /media/fang/文件/Projects/ImageClient/build/CMakeFiles/CMakeTmp

Run Build Command:"/usr/bin/make" "cmTC_c0e51/fast"
/usr/bin/make -f CMakeFiles/cmTC_c0e51.dir/build.make CMakeFiles/cmTC_c0e51.dir/build
make[1]: Entering directory '/media/fang/文件/Projects/ImageClient/build/CMakeFiles/CMakeTmp'
Building C object CMakeFiles/cmTC_c0e51.dir/CheckSymbolExists.c.o
/usr/bin/cc    -o CMakeFiles/cmTC_c0e51.dir/CheckSymbolExists.c.o   -c /media/fang/文件/Projects/ImageClient/build/CMakeFiles/CMakeTmp/CheckSymbolExists.c
Linking C executable cmTC_c0e51
/usr/bin/cmake -E cmake_link_script CMakeFiles/cmTC_c0e51.dir/link.txt --verbose=1
/usr/bin/cc      CMakeFiles/cmTC_c0e51.dir/CheckSymbolExists.c.o  -o cmTC_c0e51 
CMakeFiles/cmTC_c0e51.dir/CheckSymbolExists.c.o：在函数‘main’中：
CheckSymbolExists.c:(.text+0x1b)：对‘pthread_create’未定义的引用
collect2: error: ld returned 1 exit status
CMakeFiles/cmTC_c0e51.dir/build.make:97: recipe for target 'cmTC_c0e51' failed
make[1]: *** [cmTC_c0e51] Error 1
make[1]: Leaving directory '/media/fang/文件/Projects/ImageClient/build/CMakeFiles/CMakeTmp'
Makefile:126: recipe for target 'cmTC_c0e51/fast' failed
make: *** [cmTC_c0e51/fast] Error 2

File /media/fang/文件/Projects/ImageClient/build/CMakeFiles/CMakeTmp/CheckSymbolExists.c:
/* */
#include <pthread.h>

int main(int argc, char** argv)
{
  (void)argv;
#ifndef pthread_create
  return ((int*)(&pthread_create))[argc];
#else
  (void)argc;
  return 0;
#endif
}

Determining if the function pthread_create exists in the pthreads failed with the following output:
Change Dir: /media/fang/文件/Projects/ImageClient/build/CMakeFiles/CMakeTmp

Run Build Command:"/usr/bin/make" "cmTC_9c325/fast"
/usr/bin/make -f CMakeFiles/cmTC_9c325.dir/build.make CMakeFiles/cmTC_9c325.dir/build
make[1]: Entering directory '/media/fang/文件/Projects/ImageClient/build/CMakeFiles/CMakeTmp'
Building C object CMakeFiles/cmTC_9c325.dir/CheckFunctionExists.c.o
/usr/bin/cc   -DCHECK_FUNCTION_EXISTS=pthread_create   -o CMakeFiles/cmTC_9c325.dir/CheckFunctionExists.c.o   -c /usr/share/cmake-3.9/Modules/CheckFunctionExists.c
Linking C executable cmTC_9c325
/usr/bin/cmake -E cmake_link_script CMakeFiles/cmTC_9c325.dir/link.txt --verbose=1
/usr/bin/cc  -DCHECK_FUNCTION_EXISTS=pthread_create    CMakeFiles/cmTC_9c325.dir/CheckFunctionExists.c.o  -o cmTC_9c325 -lpthreads 
/usr/bin/ld: 找不到 -lpthreads
collect2: error: ld returned 1 exit status
CMakeFiles/cmTC_9c325.dir/build.make:97: recipe for target 'cmTC_9c325' failed
make[1]: *** [cmTC_9c325] Error 1
make[1]: Leaving directory '/media/fang/文件/Projects/ImageClient/build/CMakeFiles/CMakeTmp'
Makefile:126: recipe for target 'cmTC_9c325/fast' failed
make: *** [cmTC_9c325/fast] Error 2


