Determining if the pthread_create exist failed with the following output:
Change Dir: /media/fang/文件/Projects/ImageServer/build/CMakeFiles/CMakeTmp

Run Build Command:"/usr/bin/make" "cmTC_fd026/fast"
/usr/bin/make -f CMakeFiles/cmTC_fd026.dir/build.make CMakeFiles/cmTC_fd026.dir/build
make[1]: Entering directory '/media/fang/文件/Projects/ImageServer/build/CMakeFiles/CMakeTmp'
Building C object CMakeFiles/cmTC_fd026.dir/CheckSymbolExists.c.o
/usr/bin/cc    -o CMakeFiles/cmTC_fd026.dir/CheckSymbolExists.c.o   -c /media/fang/文件/Projects/ImageServer/build/CMakeFiles/CMakeTmp/CheckSymbolExists.c
Linking C executable cmTC_fd026
/usr/bin/cmake -E cmake_link_script CMakeFiles/cmTC_fd026.dir/link.txt --verbose=1
/usr/bin/cc      CMakeFiles/cmTC_fd026.dir/CheckSymbolExists.c.o  -o cmTC_fd026 
CMakeFiles/cmTC_fd026.dir/CheckSymbolExists.c.o：在函数‘main’中：
CheckSymbolExists.c:(.text+0x1b)：对‘pthread_create’未定义的引用
collect2: error: ld returned 1 exit status
CMakeFiles/cmTC_fd026.dir/build.make:97: recipe for target 'cmTC_fd026' failed
make[1]: *** [cmTC_fd026] Error 1
make[1]: Leaving directory '/media/fang/文件/Projects/ImageServer/build/CMakeFiles/CMakeTmp'
Makefile:126: recipe for target 'cmTC_fd026/fast' failed
make: *** [cmTC_fd026/fast] Error 2

File /media/fang/文件/Projects/ImageServer/build/CMakeFiles/CMakeTmp/CheckSymbolExists.c:
/* */
#include <pthread.h>

int main(int argc, char** argv)
{
  (void)argv;
#ifndef pthread_create
  return ((int*)(&pthread_create))[argc];
#else
  (void)argc;
  return 0;
#endif
}

Determining if the function pthread_create exists in the pthreads failed with the following output:
Change Dir: /media/fang/文件/Projects/ImageServer/build/CMakeFiles/CMakeTmp

Run Build Command:"/usr/bin/make" "cmTC_3ca14/fast"
/usr/bin/make -f CMakeFiles/cmTC_3ca14.dir/build.make CMakeFiles/cmTC_3ca14.dir/build
make[1]: Entering directory '/media/fang/文件/Projects/ImageServer/build/CMakeFiles/CMakeTmp'
Building C object CMakeFiles/cmTC_3ca14.dir/CheckFunctionExists.c.o
/usr/bin/cc   -DCHECK_FUNCTION_EXISTS=pthread_create   -o CMakeFiles/cmTC_3ca14.dir/CheckFunctionExists.c.o   -c /usr/share/cmake-3.9/Modules/CheckFunctionExists.c
Linking C executable cmTC_3ca14
/usr/bin/cmake -E cmake_link_script CMakeFiles/cmTC_3ca14.dir/link.txt --verbose=1
/usr/bin/cc  -DCHECK_FUNCTION_EXISTS=pthread_create    CMakeFiles/cmTC_3ca14.dir/CheckFunctionExists.c.o  -o cmTC_3ca14 -lpthreads 
/usr/bin/ld: 找不到 -lpthreads
collect2: error: ld returned 1 exit status
CMakeFiles/cmTC_3ca14.dir/build.make:97: recipe for target 'cmTC_3ca14' failed
make[1]: *** [cmTC_3ca14] Error 1
make[1]: Leaving directory '/media/fang/文件/Projects/ImageServer/build/CMakeFiles/CMakeTmp'
Makefile:126: recipe for target 'cmTC_3ca14/fast' failed
make: *** [cmTC_3ca14/fast] Error 2


